<html>
<head>
<title>TestNG:  Test</title>
<link href="../testng.css" rel="stylesheet" type="text/css" />
<link href="../my-testng.css" rel="stylesheet" type="text/css" />

<style type="text/css">
.log { display: none;} 
.stack-trace { display: none;} 
</style>
<script type="text/javascript">
<!--
function flip(e) {
  current = e.style.display;
  if (current == 'block') {
    e.style.display = 'none';
    return 0;
  }
  else {
    e.style.display = 'block';
    return 1;
  }
}

function toggleBox(szDivId, elem, msg1, msg2)
{
  var res = -1;  if (document.getElementById) {
    res = flip(document.getElementById(szDivId));
  }
  else if (document.all) {
    // this is the way old msie versions work
    res = flip(document.all[szDivId]);
  }
  if(elem) {
    if(res == 0) elem.innerHTML = msg1; else elem.innerHTML = msg2;
  }

}

function toggleAllBoxes() {
  if (document.getElementsByTagName) {
    d = document.getElementsByTagName('div');
    for (i = 0; i < d.length; i++) {
      if (d[i].className == 'log') {
        flip(d[i]);
      }
    }
  }
}

// -->
</script>

</head>
<body>
<h2 align='center'>Test</h2><table border='1' align="center">
<tr>
<td>Tests passed/Failed/Skipped:</td><td>3/1/1</td>
</tr><tr>
<td>Started on:</td><td>Fri Feb 28 15:53:25 IST 2020</td>
</tr>
<tr><td>Total time:</td><td>291 seconds (291493 ms)</td>
</tr><tr>
<td>Included groups:</td><td></td>
</tr><tr>
<td>Excluded groups:</td><td></td>
</tr>
</table><p/>
<small><i>(Hover the method name to see the test class name)</i></small><p/>
<table width='100%' border='1' class='invocation-failed'>
<tr><td colspan='4' align='center'><b>FAILED CONFIGURATIONS</b></td></tr>
<tr><td><b>Test method</b></td>
<td width="30%"><b>Exception</b></td>
<td width="10%"><b>Time (seconds)</b></td>
<td><b>Instance</b></td>
</tr>
<tr>
<td title='Com.E2M.CMS_Event2MobileTest.Apptutorial.configAm()'><b>configAm</b><br>Test class: Com.E2M.CMS_Event2MobileTest.Apptutorial<br>Parameters: [TestResult name=CMS_E2MTest_Apptutorial_1TC014 status=FAILURE method=Apptutorial.CMS_E2MTest_Apptutorial_1TC014()[pri:0, instance:Com.E2M.CMS_Event2MobileTest.Apptutorial@7a52f2a2] output=2020-2021 for Sanity Event available ]</td>
<td><div><pre>org.openqa.selenium.WebDriverException: element click intercepted: Element &lt;a class=&quot;nav-link h-100 d-flex align-items-center flex-wrap red&quot; href=&quot;/New/Account/Logout&quot; data-toggle=&quot;tooltip&quot; data-placement=&quot;bottom&quot; title=&quot;Logout&quot;&gt;...&lt;/a&gt; is not clickable at point (1291, 25). Other element would receive the click: &lt;div id=&quot;imgLoader&quot; class=&quot;dv-Loader hidediv&quot; disabled=&quot;disabled&quot; style=&quot;display: block;&quot;&gt;...&lt;/div&gt;
  (Session info: chrome=78.0.3904.108)
  (Driver info: chromedriver=78.0.3904.105 (60e2d8774a8151efa6a00b1f358371b1e0e07ee2-refs/branch-heads/3904@{#877}),platform=Windows NT 6.1.7601 SP1 x86_64) (WARNING: The server did not provide any stacktrace information)
Command duration or timeout: 41 milliseconds
Build info: version: &apos;2.53.1&apos;, revision: &apos;a36b8b1cd5757287168e54b817830adce9b0158d&apos;, time: &apos;2016-06-30 19:26:09&apos;
System info: host: &apos;SYS250-PC&apos;, ip: &apos;172.22.0.19&apos;, os.name: &apos;Windows 7&apos;, os.arch: &apos;amd64&apos;, os.version: &apos;6.1&apos;, java.version: &apos;1.8.0_221&apos;
Driver info: org.openqa.selenium.chrome.ChromeDriver
Capabilities [{mobileEmulationEnabled=false, timeouts={implicit=0, pageLoad=300000, script=30000}, hasTouchScreen=false, platform=XP, acceptSslCerts=false, goog:chromeOptions={debuggerAddress=localhost:52433}, acceptInsecureCerts=false, webStorageEnabled=true, browserName=chrome, takesScreenshot=true, javascriptEnabled=true, setWindowRect=true, unexpectedAlertBehaviour=ignore, applicationCacheEnabled=false, rotatable=false, networkConnectionEnabled=false, chrome={chromedriverVersion=78.0.3904.105 (60e2d8774a8151efa6a00b1f358371b1e0e07ee2-refs/branch-heads/3904@{#877}), userDataDir=C:\Users\PRAVAK~1.RAN\AppData\Local\Temp\scoped_dir23560_1459672974}, takesHeapSnapshot=true, pageLoadStrategy=normal, strictFileInteractability=false, databaseEnabled=false, handlesAlerts=true, version=78.0.3904.108, browserConnectionEnabled=false, proxy={}, nativeEvents=true, locationContextEnabled=true, cssSelectorsEnabled=true}]
Session ID: ed9bc19ec6316445da8ae0cd41976465
	at org.openqa.selenium.remote.ErrorHandler.createThrowable(ErrorHandler.java:206)
	at org.openqa.selenium.remote.ErrorHandler.throwIfResponseFailed(ErrorHandler.java:158)
	at org.openqa.selenium.remote.RemoteWebDriver.execute(RemoteWebDriver.java:678)
	at org.openqa.selenium.remote.RemoteWebElement.execute(RemoteWebElement.java:327)
	at org.openqa.selenium.remote.RemoteWebElement.click(RemoteWebElement.java:85)
	at org.openqa.selenium.support.pagefactory.internal.LocatingElementHandler.invoke(LocatingElementHandler.java:51)
	at com.sun.proxy.$Proxy10.click(Unknown Source)
	at Com.E2M.ObjectRepository.LogoutPage.clickOnlogout(LogoutPage.java:17)
	at Com.E2M.GenericLibraries.Baseclass_libraries.configAm(Baseclass_libraries.java:102)
... Removed 33 stack frames</pre></div><a href='#' onClick='toggleBox("stack-trace1700421020", this, "Click to show all stack frames", "Click to hide stack frames")'>Click to show all stack frames</a>
<div class='stack-trace' id='stack-trace1700421020'><pre>org.openqa.selenium.WebDriverException: element click intercepted: Element &lt;a class=&quot;nav-link h-100 d-flex align-items-center flex-wrap red&quot; href=&quot;/New/Account/Logout&quot; data-toggle=&quot;tooltip&quot; data-placement=&quot;bottom&quot; title=&quot;Logout&quot;&gt;...&lt;/a&gt; is not clickable at point (1291, 25). Other element would receive the click: &lt;div id=&quot;imgLoader&quot; class=&quot;dv-Loader hidediv&quot; disabled=&quot;disabled&quot; style=&quot;display: block;&quot;&gt;...&lt;/div&gt;
  (Session info: chrome=78.0.3904.108)
  (Driver info: chromedriver=78.0.3904.105 (60e2d8774a8151efa6a00b1f358371b1e0e07ee2-refs/branch-heads/3904@{#877}),platform=Windows NT 6.1.7601 SP1 x86_64) (WARNING: The server did not provide any stacktrace information)
Command duration or timeout: 41 milliseconds
Build info: version: &apos;2.53.1&apos;, revision: &apos;a36b8b1cd5757287168e54b817830adce9b0158d&apos;, time: &apos;2016-06-30 19:26:09&apos;
System info: host: &apos;SYS250-PC&apos;, ip: &apos;172.22.0.19&apos;, os.name: &apos;Windows 7&apos;, os.arch: &apos;amd64&apos;, os.version: &apos;6.1&apos;, java.version: &apos;1.8.0_221&apos;
Driver info: org.openqa.selenium.chrome.ChromeDriver
Capabilities [{mobileEmulationEnabled=false, timeouts={implicit=0, pageLoad=300000, script=30000}, hasTouchScreen=false, platform=XP, acceptSslCerts=false, goog:chromeOptions={debuggerAddress=localhost:52433}, acceptInsecureCerts=false, webStorageEnabled=true, browserName=chrome, takesScreenshot=true, javascriptEnabled=true, setWindowRect=true, unexpectedAlertBehaviour=ignore, applicationCacheEnabled=false, rotatable=false, networkConnectionEnabled=false, chrome={chromedriverVersion=78.0.3904.105 (60e2d8774a8151efa6a00b1f358371b1e0e07ee2-refs/branch-heads/3904@{#877}), userDataDir=C:\Users\PRAVAK~1.RAN\AppData\Local\Temp\scoped_dir23560_1459672974}, takesHeapSnapshot=true, pageLoadStrategy=normal, strictFileInteractability=false, databaseEnabled=false, handlesAlerts=true, version=78.0.3904.108, browserConnectionEnabled=false, proxy={}, nativeEvents=true, locationContextEnabled=true, cssSelectorsEnabled=true}]
Session ID: ed9bc19ec6316445da8ae0cd41976465
	at sun.reflect.NativeConstructorAccessorImpl.newInstance0(Native Method)
	at sun.reflect.NativeConstructorAccessorImpl.newInstance(Unknown Source)
	at sun.reflect.DelegatingConstructorAccessorImpl.newInstance(Unknown Source)
	at java.lang.reflect.Constructor.newInstance(Unknown Source)
	at org.openqa.selenium.remote.ErrorHandler.createThrowable(ErrorHandler.java:206)
	at org.openqa.selenium.remote.ErrorHandler.throwIfResponseFailed(ErrorHandler.java:158)
	at org.openqa.selenium.remote.RemoteWebDriver.execute(RemoteWebDriver.java:678)
	at org.openqa.selenium.remote.RemoteWebElement.execute(RemoteWebElement.java:327)
	at org.openqa.selenium.remote.RemoteWebElement.click(RemoteWebElement.java:85)
	at sun.reflect.GeneratedMethodAccessor3.invoke(Unknown Source)
	at sun.reflect.DelegatingMethodAccessorImpl.invoke(Unknown Source)
	at java.lang.reflect.Method.invoke(Unknown Source)
	at org.openqa.selenium.support.pagefactory.internal.LocatingElementHandler.invoke(LocatingElementHandler.java:51)
	at com.sun.proxy.$Proxy10.click(Unknown Source)
	at Com.E2M.ObjectRepository.LogoutPage.clickOnlogout(LogoutPage.java:17)
	at Com.E2M.GenericLibraries.Baseclass_libraries.configAm(Baseclass_libraries.java:102)
	at sun.reflect.NativeMethodAccessorImpl.invoke0(Native Method)
	at sun.reflect.NativeMethodAccessorImpl.invoke(Unknown Source)
	at sun.reflect.DelegatingMethodAccessorImpl.invoke(Unknown Source)
	at java.lang.reflect.Method.invoke(Unknown Source)
	at org.testng.internal.MethodInvocationHelper.invokeMethod(MethodInvocationHelper.java:86)
	at org.testng.internal.Invoker.invokeConfigurationMethod(Invoker.java:514)
	at org.testng.internal.Invoker.invokeConfigurations(Invoker.java:215)
	at org.testng.internal.Invoker.invokeMethod(Invoker.java:707)
	at org.testng.internal.Invoker.invokeTestMethod(Invoker.java:820)
	at org.testng.internal.Invoker.invokeTestMethods(Invoker.java:1128)
	at org.testng.internal.TestMethodWorker.invokeTestMethods(TestMethodWorker.java:129)
	at org.testng.internal.TestMethodWorker.run(TestMethodWorker.java:112)
	at org.testng.TestRunner.privateRun(TestRunner.java:782)
	at org.testng.TestRunner.run(TestRunner.java:632)
	at org.testng.SuiteRunner.runTest(SuiteRunner.java:366)
	at org.testng.SuiteRunner.runSequentially(SuiteRunner.java:361)
	at org.testng.SuiteRunner.privateRun(SuiteRunner.java:319)
	at org.testng.SuiteRunner.run(SuiteRunner.java:268)
	at org.testng.SuiteRunnerWorker.runSuite(SuiteRunnerWorker.java:52)
	at org.testng.SuiteRunnerWorker.run(SuiteRunnerWorker.java:86)
	at org.testng.TestNG.runSuitesSequentially(TestNG.java:1244)
	at org.testng.TestNG.runSuitesLocally(TestNG.java:1169)
	at org.testng.TestNG.run(TestNG.java:1064)
	at org.testng.remote.AbstractRemoteTestNG.run(AbstractRemoteTestNG.java:115)
	at org.testng.remote.RemoteTestNG.initAndRun(RemoteTestNG.java:251)
	at org.testng.remote.RemoteTestNG.main(RemoteTestNG.java:77)
</pre></div></td>
<td>0</td>
<td>Com.E2M.CMS_Event2MobileTest.Apptutorial@7a52f2a2</td></tr>
</table><p>
<table width='100%' border='1' class='invocation-skipped'>
<tr><td colspan='4' align='center'><b>SKIPPED CONFIGURATIONS</b></td></tr>
<tr><td><b>Test method</b></td>
<td width="30%"><b>Exception</b></td>
<td width="10%"><b>Time (seconds)</b></td>
<td><b>Instance</b></td>
</tr>
<tr>
<td title='Com.E2M.CMS_Event2MobileTest.Add_VenueTest.configBc()'><b>configBc</b><br>Test class: Com.E2M.CMS_Event2MobileTest.Add_VenueTest</td>
<td></td>
<td>0</td>
<td>Com.E2M.CMS_Event2MobileTest.Add_VenueTest@78047b92</td></tr>
<tr>
<td title='Com.E2M.CMS_Event2MobileTest.Add_VenueTest.configBm()'><b>configBm</b><br>Test class: Com.E2M.CMS_Event2MobileTest.Add_VenueTest</td>
<td></td>
<td>0</td>
<td>Com.E2M.CMS_Event2MobileTest.Add_VenueTest@78047b92</td></tr>
<tr>
<td title='Com.E2M.CMS_Event2MobileTest.Add_VenueTest.configAm()'><b>configAm</b><br>Test class: Com.E2M.CMS_Event2MobileTest.Add_VenueTest</td>
<td></td>
<td>0</td>
<td>Com.E2M.CMS_Event2MobileTest.Add_VenueTest@78047b92</td></tr>
<tr>
<td title='Com.E2M.CMS_Event2MobileTest.Apptutorial.configAc()'><b>configAc</b><br>Test class: Com.E2M.CMS_Event2MobileTest.Apptutorial</td>
<td></td>
<td>0</td>
<td>Com.E2M.CMS_Event2MobileTest.Apptutorial@7a52f2a2</td></tr>
<tr>
<td title='Com.E2M.CMS_Event2MobileTest.Add_VenueTest.configAc()'><b>configAc</b><br>Test class: Com.E2M.CMS_Event2MobileTest.Add_VenueTest</td>
<td></td>
<td>0</td>
<td>Com.E2M.CMS_Event2MobileTest.Add_VenueTest@78047b92</td></tr>
</table><p>
<table width='100%' border='1' class='invocation-failed'>
<tr><td colspan='4' align='center'><b>FAILED TESTS</b></td></tr>
<tr><td><b>Test method</b></td>
<td width="30%"><b>Exception</b></td>
<td width="10%"><b>Time (seconds)</b></td>
<td><b>Instance</b></td>
</tr>
<tr>
<td title='Com.E2M.CMS_Event2MobileTest.Apptutorial.CMS_E2MTest_Apptutorial_1TC014()'><b>CMS_E2MTest_Apptutorial_1TC014</b><br>Test class: Com.E2M.CMS_Event2MobileTest.Apptutorial<br/>
<a href="#Output-32393008" onClick='toggleBox("Output-32393008", this, "Show output", "Hide output");'>Show output</a>

<a href="#Output-32393008" onClick="toggleAllBoxes();">Show all outputs</a>
<div class='log' id="Output-32393008">
2020-2021 for Sanity Event available <br/>
</div>
</td>
<td><div><pre>org.openqa.selenium.TimeoutException: Timed out after 20 seconds waiting for visibility of element located by By.xpath: //div[contains(@class,&apos;iPhonediv&apos;)]
Build info: version: &apos;2.53.1&apos;, revision: &apos;a36b8b1cd5757287168e54b817830adce9b0158d&apos;, time: &apos;2016-06-30 19:26:09&apos;
System info: host: &apos;SYS250-PC&apos;, ip: &apos;172.22.0.19&apos;, os.name: &apos;Windows 7&apos;, os.arch: &apos;amd64&apos;, os.version: &apos;6.1&apos;, java.version: &apos;1.8.0_221&apos;
Driver info: org.openqa.selenium.chrome.ChromeDriver
Capabilities [{mobileEmulationEnabled=false, timeouts={implicit=0, pageLoad=300000, script=30000}, hasTouchScreen=false, platform=XP, acceptSslCerts=false, goog:chromeOptions={debuggerAddress=localhost:52433}, acceptInsecureCerts=false, webStorageEnabled=true, browserName=chrome, takesScreenshot=true, javascriptEnabled=true, setWindowRect=true, unexpectedAlertBehaviour=ignore, applicationCacheEnabled=false, rotatable=false, networkConnectionEnabled=false, chrome={chromedriverVersion=78.0.3904.105 (60e2d8774a8151efa6a00b1f358371b1e0e07ee2-refs/branch-heads/3904@{#877}), userDataDir=C:\Users\PRAVAK~1.RAN\AppData\Local\Temp\scoped_dir23560_1459672974}, takesHeapSnapshot=true, pageLoadStrategy=normal, strictFileInteractability=false, databaseEnabled=false, handlesAlerts=true, version=78.0.3904.108, browserConnectionEnabled=false, proxy={}, nativeEvents=true, locationContextEnabled=true, cssSelectorsEnabled=true}]
Session ID: ed9bc19ec6316445da8ae0cd41976465
	at org.openqa.selenium.support.ui.WebDriverWait.timeoutException(WebDriverWait.java:80)
	at org.openqa.selenium.support.ui.FluentWait.until(FluentWait.java:261)
	at Com.E2M.ObjectRepository.Usermanagementpage.AllandroidImageupload(Usermanagementpage.java:399)
	at Com.E2M.CMS_Event2MobileTest.Apptutorial.CMS_E2MTest_Apptutorial_1TC014(Apptutorial.java:34)
... Removed 24 stack frames</pre></div><a href='#' onClick='toggleBox("stack-trace32393008", this, "Click to show all stack frames", "Click to hide stack frames")'>Click to show all stack frames</a>
<div class='stack-trace' id='stack-trace32393008'><pre>org.openqa.selenium.TimeoutException: Timed out after 20 seconds waiting for visibility of element located by By.xpath: //div[contains(@class,&apos;iPhonediv&apos;)]
Build info: version: &apos;2.53.1&apos;, revision: &apos;a36b8b1cd5757287168e54b817830adce9b0158d&apos;, time: &apos;2016-06-30 19:26:09&apos;
System info: host: &apos;SYS250-PC&apos;, ip: &apos;172.22.0.19&apos;, os.name: &apos;Windows 7&apos;, os.arch: &apos;amd64&apos;, os.version: &apos;6.1&apos;, java.version: &apos;1.8.0_221&apos;
Driver info: org.openqa.selenium.chrome.ChromeDriver
Capabilities [{mobileEmulationEnabled=false, timeouts={implicit=0, pageLoad=300000, script=30000}, hasTouchScreen=false, platform=XP, acceptSslCerts=false, goog:chromeOptions={debuggerAddress=localhost:52433}, acceptInsecureCerts=false, webStorageEnabled=true, browserName=chrome, takesScreenshot=true, javascriptEnabled=true, setWindowRect=true, unexpectedAlertBehaviour=ignore, applicationCacheEnabled=false, rotatable=false, networkConnectionEnabled=false, chrome={chromedriverVersion=78.0.3904.105 (60e2d8774a8151efa6a00b1f358371b1e0e07ee2-refs/branch-heads/3904@{#877}), userDataDir=C:\Users\PRAVAK~1.RAN\AppData\Local\Temp\scoped_dir23560_1459672974}, takesHeapSnapshot=true, pageLoadStrategy=normal, strictFileInteractability=false, databaseEnabled=false, handlesAlerts=true, version=78.0.3904.108, browserConnectionEnabled=false, proxy={}, nativeEvents=true, locationContextEnabled=true, cssSelectorsEnabled=true}]
Session ID: ed9bc19ec6316445da8ae0cd41976465
	at org.openqa.selenium.support.ui.WebDriverWait.timeoutException(WebDriverWait.java:80)
	at org.openqa.selenium.support.ui.FluentWait.until(FluentWait.java:261)
	at Com.E2M.ObjectRepository.Usermanagementpage.AllandroidImageupload(Usermanagementpage.java:399)
	at Com.E2M.CMS_Event2MobileTest.Apptutorial.CMS_E2MTest_Apptutorial_1TC014(Apptutorial.java:34)
	at sun.reflect.NativeMethodAccessorImpl.invoke0(Native Method)
	at sun.reflect.NativeMethodAccessorImpl.invoke(Unknown Source)
	at sun.reflect.DelegatingMethodAccessorImpl.invoke(Unknown Source)
	at java.lang.reflect.Method.invoke(Unknown Source)
	at org.testng.internal.MethodInvocationHelper.invokeMethod(MethodInvocationHelper.java:86)
	at org.testng.internal.Invoker.invokeMethod(Invoker.java:643)
	at org.testng.internal.Invoker.invokeTestMethod(Invoker.java:820)
	at org.testng.internal.Invoker.invokeTestMethods(Invoker.java:1128)
	at org.testng.internal.TestMethodWorker.invokeTestMethods(TestMethodWorker.java:129)
	at org.testng.internal.TestMethodWorker.run(TestMethodWorker.java:112)
	at org.testng.TestRunner.privateRun(TestRunner.java:782)
	at org.testng.TestRunner.run(TestRunner.java:632)
	at org.testng.SuiteRunner.runTest(SuiteRunner.java:366)
	at org.testng.SuiteRunner.runSequentially(SuiteRunner.java:361)
	at org.testng.SuiteRunner.privateRun(SuiteRunner.java:319)
	at org.testng.SuiteRunner.run(SuiteRunner.java:268)
	at org.testng.SuiteRunnerWorker.runSuite(SuiteRunnerWorker.java:52)
	at org.testng.SuiteRunnerWorker.run(SuiteRunnerWorker.java:86)
	at org.testng.TestNG.runSuitesSequentially(TestNG.java:1244)
	at org.testng.TestNG.runSuitesLocally(TestNG.java:1169)
	at org.testng.TestNG.run(TestNG.java:1064)
	at org.testng.remote.AbstractRemoteTestNG.run(AbstractRemoteTestNG.java:115)
	at org.testng.remote.RemoteTestNG.initAndRun(RemoteTestNG.java:251)
	at org.testng.remote.RemoteTestNG.main(RemoteTestNG.java:77)
</pre></div></td>
<td>80</td>
<td>Com.E2M.CMS_Event2MobileTest.Apptutorial@7a52f2a2</td></tr>
</table><p>
<table width='100%' border='1' class='invocation-passed'>
<tr><td colspan='4' align='center'><b>PASSED TESTS</b></td></tr>
<tr><td><b>Test method</b></td>
<td width="30%"><b>Exception</b></td>
<td width="10%"><b>Time (seconds)</b></td>
<td><b>Instance</b></td>
</tr>
<tr>
<td title='Com.E2M.CMS_Event2MobileTest.SocialLink.CMS_E2MTest_SocialLink_TC014()'><b>CMS_E2MTest_SocialLink_TC014</b><br>Test class: Com.E2M.CMS_Event2MobileTest.SocialLink<br/>
<a href="#Output-1416706187" onClick='toggleBox("Output-1416706187", this, "Show output", "Hide output");'>Show output</a>

<a href="#Output-1416706187" onClick="toggleAllBoxes();">Show all outputs</a>
<div class='log' id="Output-1416706187">
2020-2021 for Sanity Event available <br/>
SocialLink added Sucessfully<br/>
</div>
</td>
<td></td>
<td>21</td>
<td>Com.E2M.CMS_Event2MobileTest.SocialLink@69930714</td></tr>
<tr>
<td title='Com.E2M.CMS_Event2MobileTest.UsefulInfo.CMS_E2MTest_UsefulInfo_TC014()'><b>CMS_E2MTest_UsefulInfo_TC014</b><br>Test class: Com.E2M.CMS_Event2MobileTest.UsefulInfo<br/>
<a href="#Output-493944943" onClick='toggleBox("Output-493944943", this, "Show output", "Hide output");'>Show output</a>

<a href="#Output-493944943" onClick="toggleAllBoxes();">Show all outputs</a>
<div class='log' id="Output-493944943">
2020-2021 for Sanity Event available <br/>
Find created usefulinfo : ARMY<br/>
</div>
</td>
<td></td>
<td>36</td>
<td>Com.E2M.CMS_Event2MobileTest.UsefulInfo@11dc3715</td></tr>
<tr>
<td title='Com.E2M.CMS_Event2MobileTest.Add_Disclaimer.CMS_E2MTest_disclaimer_TC014()'><b>CMS_E2MTest_disclaimer_TC014</b><br>Test class: Com.E2M.CMS_Event2MobileTest.Add_Disclaimer<br/>
<a href="#Output-1244880808" onClick='toggleBox("Output-1244880808", this, "Show output", "Hide output");'>Show output</a>

<a href="#Output-1244880808" onClick="toggleAllBoxes();">Show all outputs</a>
<div class='log' id="Output-1244880808">
2020-2021 for Sanity Event available <br/>
</div>
</td>
<td></td>
<td>13</td>
<td>Com.E2M.CMS_Event2MobileTest.Add_Disclaimer@a4102b8</td></tr>
</table><p>
<table width='100%' border='1' class='invocation-skipped'>
<tr><td colspan='4' align='center'><b>SKIPPED TESTS</b></td></tr>
<tr><td><b>Test method</b></td>
<td width="30%"><b>Exception</b></td>
<td width="10%"><b>Time (seconds)</b></td>
<td><b>Instance</b></td>
</tr>
<tr>
<td title='Com.E2M.CMS_Event2MobileTest.Add_VenueTest.CMS_E2MTest_AddVenue_TC014()'><b>CMS_E2MTest_AddVenue_TC014</b><br>Test class: Com.E2M.CMS_Event2MobileTest.Add_VenueTest</td>
<td></td>
<td>0</td>
<td>Com.E2M.CMS_Event2MobileTest.Add_VenueTest@78047b92</td></tr>
</table><p>
</body>
</html>