<?xml version="1.0" encoding="UTF-8"?>
<!-- Generated by org.testng.reporters.JUnitXMLReporter -->
<testsuite hostname="SYS250-PC" name="Test" tests="5" failures="1" timestamp="28 Feb 2020 10:28:17 GMT" time="291.493" errors="0">
  <testcase name="@AfterMethod configAm" time="0.0" classname="Com.E2M.CMS_Event2MobileTest.Apptutorial">
    <failure type="org.openqa.selenium.WebDriverException" message="element click intercepted: Element &amp;lt;a class=&amp;quot;nav-link h-100 d-flex align-items-center flex-wrap red&amp;quot; href=&amp;quot;/New/Account/Logout&amp;quot; data-toggle=&amp;quot;tooltip&amp;quot; data-placement=&amp;quot;bottom&amp;quot; title=&amp;quot;Logout&amp;quot;&amp;gt;...&amp;lt;/a&amp;gt; is not clickable at point (1291, 25). Other element would receive the click: &amp;lt;div id=&amp;quot;imgLoader&amp;quot; class=&amp;quot;dv-Loader hidediv&amp;quot; disabled=&amp;quot;disabled&amp;quot; style=&amp;quot;display: block;&amp;quot;&amp;gt;...&amp;lt;/div&amp;gt;
  (Session info: chrome=78.0.3904.108)
  (Driver info: chromedriver=78.0.3904.105 (60e2d8774a8151efa6a00b1f358371b1e0e07ee2-refs/branch-heads/3904@{#877}),platform=Windows NT 6.1.7601 SP1 x86_64) (WARNING: The server did not provide any stacktrace information)
Command duration or timeout: 41 milliseconds
Build info: version: &amp;apos;2.53.1&amp;apos;, revision: &amp;apos;a36b8b1cd5757287168e54b817830adce9b0158d&amp;apos;, time: &amp;apos;2016-06-30 19:26:09&amp;apos;
System info: host: &amp;apos;SYS250-PC&amp;apos;, ip: &amp;apos;172.22.0.19&amp;apos;, os.name: &amp;apos;Windows 7&amp;apos;, os.arch: &amp;apos;amd64&amp;apos;, os.version: &amp;apos;6.1&amp;apos;, java.version: &amp;apos;1.8.0_221&amp;apos;
Driver info: org.openqa.selenium.chrome.ChromeDriver
Capabilities [{mobileEmulationEnabled=false, timeouts={implicit=0, pageLoad=300000, script=30000}, hasTouchScreen=false, platform=XP, acceptSslCerts=false, goog:chromeOptions={debuggerAddress=localhost:52433}, acceptInsecureCerts=false, webStorageEnabled=true, browserName=chrome, takesScreenshot=true, javascriptEnabled=true, setWindowRect=true, unexpectedAlertBehaviour=ignore, applicationCacheEnabled=false, rotatable=false, networkConnectionEnabled=false, chrome={chromedriverVersion=78.0.3904.105 (60e2d8774a8151efa6a00b1f358371b1e0e07ee2-refs/branch-heads/3904@{#877}), userDataDir=C:\Users\PRAVAK~1.RAN\AppData\Local\Temp\scoped_dir23560_1459672974}, takesHeapSnapshot=true, pageLoadStrategy=normal, strictFileInteractability=false, databaseEnabled=false, handlesAlerts=true, version=78.0.3904.108, browserConnectionEnabled=false, proxy={}, nativeEvents=true, locationContextEnabled=true, cssSelectorsEnabled=true}]
Session ID: ed9bc19ec6316445da8ae0cd41976465">
      <![CDATA[org.openqa.selenium.WebDriverException: element click intercepted: Element <a class="nav-link h-100 d-flex align-items-center flex-wrap red" href="/New/Account/Logout" data-toggle="tooltip" data-placement="bottom" title="Logout">...</a> is not clickable at point (1291, 25). Other element would receive the click: <div id="imgLoader" class="dv-Loader hidediv" disabled="disabled" style="display: block;">...</div>
  (Session info: chrome=78.0.3904.108)
  (Driver info: chromedriver=78.0.3904.105 (60e2d8774a8151efa6a00b1f358371b1e0e07ee2-refs/branch-heads/3904@{#877}),platform=Windows NT 6.1.7601 SP1 x86_64) (WARNING: The server did not provide any stacktrace information)
Command duration or timeout: 41 milliseconds
Build info: version: '2.53.1', revision: 'a36b8b1cd5757287168e54b817830adce9b0158d', time: '2016-06-30 19:26:09'
System info: host: 'SYS250-PC', ip: '172.22.0.19', os.name: 'Windows 7', os.arch: 'amd64', os.version: '6.1', java.version: '1.8.0_221'
Driver info: org.openqa.selenium.chrome.ChromeDriver
Capabilities [{mobileEmulationEnabled=false, timeouts={implicit=0, pageLoad=300000, script=30000}, hasTouchScreen=false, platform=XP, acceptSslCerts=false, goog:chromeOptions={debuggerAddress=localhost:52433}, acceptInsecureCerts=false, webStorageEnabled=true, browserName=chrome, takesScreenshot=true, javascriptEnabled=true, setWindowRect=true, unexpectedAlertBehaviour=ignore, applicationCacheEnabled=false, rotatable=false, networkConnectionEnabled=false, chrome={chromedriverVersion=78.0.3904.105 (60e2d8774a8151efa6a00b1f358371b1e0e07ee2-refs/branch-heads/3904@{#877}), userDataDir=C:\Users\PRAVAK~1.RAN\AppData\Local\Temp\scoped_dir23560_1459672974}, takesHeapSnapshot=true, pageLoadStrategy=normal, strictFileInteractability=false, databaseEnabled=false, handlesAlerts=true, version=78.0.3904.108, browserConnectionEnabled=false, proxy={}, nativeEvents=true, locationContextEnabled=true, cssSelectorsEnabled=true}]
Session ID: ed9bc19ec6316445da8ae0cd41976465
	at org.openqa.selenium.remote.ErrorHandler.createThrowable(ErrorHandler.java:206)
	at org.openqa.selenium.remote.ErrorHandler.throwIfResponseFailed(ErrorHandler.java:158)
	at org.openqa.selenium.remote.RemoteWebDriver.execute(RemoteWebDriver.java:678)
	at org.openqa.selenium.remote.RemoteWebElement.execute(RemoteWebElement.java:327)
	at org.openqa.selenium.remote.RemoteWebElement.click(RemoteWebElement.java:85)
	at org.openqa.selenium.support.pagefactory.internal.LocatingElementHandler.invoke(LocatingElementHandler.java:51)
	at com.sun.proxy.$Proxy10.click(Unknown Source)
	at Com.E2M.ObjectRepository.LogoutPage.clickOnlogout(LogoutPage.java:17)
	at Com.E2M.GenericLibraries.Baseclass_libraries.configAm(Baseclass_libraries.java:102)
... Removed 33 stack frames]]>
    </failure>
  </testcase> <!-- @AfterMethod configAm -->
  <testcase name="@AfterClass configAc" time="0.0" classname="Com.E2M.CMS_Event2MobileTest.Apptutorial">
    <skipped/>
  </testcase> <!-- @AfterClass configAc -->
  <testcase name="@BeforeClass configBc" time="0.0" classname="Com.E2M.CMS_Event2MobileTest.Add_VenueTest">
    <skipped/>
  </testcase> <!-- @BeforeClass configBc -->
  <testcase name="@BeforeMethod configBm" time="0.0" classname="Com.E2M.CMS_Event2MobileTest.Add_VenueTest">
    <skipped/>
  </testcase> <!-- @BeforeMethod configBm -->
  <testcase name="@AfterMethod configAm" time="0.0" classname="Com.E2M.CMS_Event2MobileTest.Add_VenueTest">
    <skipped/>
  </testcase> <!-- @AfterMethod configAm -->
  <testcase name="@AfterClass configAc" time="0.0" classname="Com.E2M.CMS_Event2MobileTest.Add_VenueTest">
    <skipped/>
  </testcase> <!-- @AfterClass configAc -->
  <testcase name="CMS_E2MTest_disclaimer_TC014" time="13.643" classname="Com.E2M.CMS_Event2MobileTest.Add_Disclaimer"/>
  <testcase name="CMS_E2MTest_UsefulInfo_TC014" time="36.749" classname="Com.E2M.CMS_Event2MobileTest.UsefulInfo"/>
  <testcase name="CMS_E2MTest_SocialLink_TC014" time="21.441" classname="Com.E2M.CMS_Event2MobileTest.SocialLink"/>
  <testcase name="CMS_E2MTest_Apptutorial_1TC014" time="80.723" classname="Com.E2M.CMS_Event2MobileTest.Apptutorial">
    <failure type="org.openqa.selenium.TimeoutException" message="Timed out after 20 seconds waiting for visibility of element located by By.xpath: //div[contains(@class,&amp;apos;iPhonediv&amp;apos;)]
Build info: version: &amp;apos;2.53.1&amp;apos;, revision: &amp;apos;a36b8b1cd5757287168e54b817830adce9b0158d&amp;apos;, time: &amp;apos;2016-06-30 19:26:09&amp;apos;
System info: host: &amp;apos;SYS250-PC&amp;apos;, ip: &amp;apos;172.22.0.19&amp;apos;, os.name: &amp;apos;Windows 7&amp;apos;, os.arch: &amp;apos;amd64&amp;apos;, os.version: &amp;apos;6.1&amp;apos;, java.version: &amp;apos;1.8.0_221&amp;apos;
Driver info: org.openqa.selenium.chrome.ChromeDriver
Capabilities [{mobileEmulationEnabled=false, timeouts={implicit=0, pageLoad=300000, script=30000}, hasTouchScreen=false, platform=XP, acceptSslCerts=false, goog:chromeOptions={debuggerAddress=localhost:52433}, acceptInsecureCerts=false, webStorageEnabled=true, browserName=chrome, takesScreenshot=true, javascriptEnabled=true, setWindowRect=true, unexpectedAlertBehaviour=ignore, applicationCacheEnabled=false, rotatable=false, networkConnectionEnabled=false, chrome={chromedriverVersion=78.0.3904.105 (60e2d8774a8151efa6a00b1f358371b1e0e07ee2-refs/branch-heads/3904@{#877}), userDataDir=C:\Users\PRAVAK~1.RAN\AppData\Local\Temp\scoped_dir23560_1459672974}, takesHeapSnapshot=true, pageLoadStrategy=normal, strictFileInteractability=false, databaseEnabled=false, handlesAlerts=true, version=78.0.3904.108, browserConnectionEnabled=false, proxy={}, nativeEvents=true, locationContextEnabled=true, cssSelectorsEnabled=true}]
Session ID: ed9bc19ec6316445da8ae0cd41976465">
      <![CDATA[org.openqa.selenium.TimeoutException: Timed out after 20 seconds waiting for visibility of element located by By.xpath: //div[contains(@class,'iPhonediv')]
Build info: version: '2.53.1', revision: 'a36b8b1cd5757287168e54b817830adce9b0158d', time: '2016-06-30 19:26:09'
System info: host: 'SYS250-PC', ip: '172.22.0.19', os.name: 'Windows 7', os.arch: 'amd64', os.version: '6.1', java.version: '1.8.0_221'
Driver info: org.openqa.selenium.chrome.ChromeDriver
Capabilities [{mobileEmulationEnabled=false, timeouts={implicit=0, pageLoad=300000, script=30000}, hasTouchScreen=false, platform=XP, acceptSslCerts=false, goog:chromeOptions={debuggerAddress=localhost:52433}, acceptInsecureCerts=false, webStorageEnabled=true, browserName=chrome, takesScreenshot=true, javascriptEnabled=true, setWindowRect=true, unexpectedAlertBehaviour=ignore, applicationCacheEnabled=false, rotatable=false, networkConnectionEnabled=false, chrome={chromedriverVersion=78.0.3904.105 (60e2d8774a8151efa6a00b1f358371b1e0e07ee2-refs/branch-heads/3904@{#877}), userDataDir=C:\Users\PRAVAK~1.RAN\AppData\Local\Temp\scoped_dir23560_1459672974}, takesHeapSnapshot=true, pageLoadStrategy=normal, strictFileInteractability=false, databaseEnabled=false, handlesAlerts=true, version=78.0.3904.108, browserConnectionEnabled=false, proxy={}, nativeEvents=true, locationContextEnabled=true, cssSelectorsEnabled=true}]
Session ID: ed9bc19ec6316445da8ae0cd41976465
	at org.openqa.selenium.support.ui.WebDriverWait.timeoutException(WebDriverWait.java:80)
	at org.openqa.selenium.support.ui.FluentWait.until(FluentWait.java:261)
	at Com.E2M.ObjectRepository.Usermanagementpage.AllandroidImageupload(Usermanagementpage.java:399)
	at Com.E2M.CMS_Event2MobileTest.Apptutorial.CMS_E2MTest_Apptutorial_1TC014(Apptutorial.java:34)
... Removed 24 stack frames]]>
    </failure>
  </testcase> <!-- CMS_E2MTest_Apptutorial_1TC014 -->
  <testcase name="CMS_E2MTest_AddVenue_TC014" time="0.001" classname="Com.E2M.CMS_Event2MobileTest.Add_VenueTest">
    <skipped/>
  </testcase> <!-- CMS_E2MTest_AddVenue_TC014 -->
</testsuite> <!-- Test -->
